<?xml version="1.0" encoding="UTF-8"?>
<testng-results skipped="0" failed="0" ignored="0" total="1" passed="1">
  <reporter-output>
  </reporter-output>
  <suite name="Default suite" duration-ms="56201" started-at="2019-09-15T19:23:32 IST" finished-at="2019-09-15T19:24:28 IST">
    <groups>
    </groups>
    <test name="Default test" duration-ms="56201" started-at="2019-09-15T19:23:32 IST" finished-at="2019-09-15T19:24:28 IST">
      <class name="com.selenium.Sample">
        <test-method status="PASS" signature="setUp()[pri:0, instance:com.selenium.Sample@25bbf683]" name="setUp" is-config="true" duration-ms="5120" started-at="2019-09-15T19:23:32 IST" finished-at="2019-09-15T19:23:37 IST">
          <reporter-output>
          </reporter-output>
        </test-method> <!-- setUp -->
        <test-method status="PASS" signature="checkingData()[pri:0, instance:com.selenium.Sample@25bbf683]" name="checkingData" duration-ms="50267" started-at="2019-09-15T19:23:37 IST" finished-at="2019-09-15T19:24:27 IST">
          <reporter-output>
          </reporter-output>
        </test-method> <!-- checkingData -->
        <test-method status="PASS" signature="tearDown()[pri:0, instance:com.selenium.Sample@25bbf683]" name="tearDown" is-config="true" duration-ms="753" started-at="2019-09-15T19:24:27 IST" finished-at="2019-09-15T19:24:28 IST">
          <reporter-output>
          </reporter-output>
        </test-method> <!-- tearDown -->
      </class> <!-- com.selenium.Sample -->
    </test> <!-- Default test -->
  </suite> <!-- Default suite -->
</testng-results>
